<?xml version="1.0" encoding="UTF-8"?>
<!-- Generated by org.testng.reporters.JUnitReportReporter -->
<testsuite skipped="0" hostname="Hoangs-MacBook-Pro.local" name="testcase.TestReportOchaBoss" tests="1" failures="0" timestamp="21 Jun 2018 06:48:09 GMT" time="10.952" errors="0">
  <testcase name="checkReport" time="10.952" classname="testcase.TestReportOchaBoss"/>
</testsuite> <!-- testcase.TestReportOchaBoss -->
