<?xml version="1.0" encoding="UTF-8"?>
<!-- Generated by org.testng.reporters.JUnitReportReporter -->
<testsuite skipped="0" hostname="Hoangs-MacBook-Pro.local" name="testcase.TestLoginOchaBoss" tests="1" failures="0" timestamp="21 Jun 2018 06:48:09 GMT" time="3.411" errors="0">
  <testcase name="loginOchaBoss" time="3.411" classname="testcase.TestLoginOchaBoss"/>
</testsuite> <!-- testcase.TestLoginOchaBoss -->
