<?xml version="1.0" encoding="UTF-8"?>
<!-- Generated by org.testng.reporters.JUnitReportReporter -->
<testsuite skipped="0" hostname="Hoangs-MacBook-Pro.local" name="testcase.TestReportOchaBoss" tests="1" failures="0" timestamp="21 Jun 2018 06:28:27 GMT" time="11.009" errors="0">
  <testcase name="checkReport" time="11.009" classname="testcase.TestReportOchaBoss"/>
</testsuite> <!-- testcase.TestReportOchaBoss -->
