<?xml version="1.0" encoding="UTF-8"?>
<!-- Generated by org.testng.reporters.JUnitReportReporter -->
<testsuite skipped="0" hostname="Hoangs-MacBook-Pro.local" name="testcase.TestLoginThenLogOutOchaBoss" tests="1" failures="1" timestamp="21 Jun 2018 02:49:42 GMT" time="6.541" errors="0">
  <testcase name="loginOchaBoss" time="6.541" classname="testcase.TestLoginThenLogOutOchaBoss">
    <failure type="java.lang.AssertionError" message="
Expecting:
 &lt;&quot;Hoàng Minh Hiển&quot;&gt;
to be equal to:
 &lt;&quot;Lê Ngọc Quỳnh&quot;&gt;
ignoring case considerations">
      <![CDATA[java.lang.AssertionError: 
Expecting:
 <"Hoàng Minh Hiển">
to be equal to:
 <"Lê Ngọc Quỳnh">
ignoring case considerations
at page.HomePage.assertUserName(HomePage.java:63)
at testcase.TestLoginThenLogOutOchaBoss.loginOchaBoss(TestLoginThenLogOutOchaBoss.java:79)
at sun.reflect.NativeMethodAccessorImpl.invoke0(Native Method)
at sun.reflect.NativeMethodAccessorImpl.invoke(NativeMethodAccessorImpl.java:62)
at sun.reflect.DelegatingMethodAccessorImpl.invoke(DelegatingMethodAccessorImpl.java:43)
at java.lang.reflect.Method.invoke(Method.java:498)
at org.testng.internal.MethodInvocationHelper.invokeMethod(MethodInvocationHelper.java:124)
at org.testng.internal.Invoker.invokeMethod(Invoker.java:580)
at org.testng.internal.Invoker.invokeTestMethod(Invoker.java:716)
at org.testng.internal.Invoker.invokeTestMethods(Invoker.java:988)
at org.testng.internal.TestMethodWorker.invokeTestMethods(TestMethodWorker.java:125)
at org.testng.internal.TestMethodWorker.run(TestMethodWorker.java:109)
at org.testng.TestRunner.privateRun(TestRunner.java:648)
at org.testng.TestRunner.run(TestRunner.java:505)
at org.testng.SuiteRunner.runTest(SuiteRunner.java:455)
at org.testng.SuiteRunner.runSequentially(SuiteRunner.java:450)
at org.testng.SuiteRunner.privateRun(SuiteRunner.java:415)
at org.testng.SuiteRunner.run(SuiteRunner.java:364)
at org.testng.SuiteRunnerWorker.runSuite(SuiteRunnerWorker.java:52)
at org.testng.SuiteRunnerWorker.run(SuiteRunnerWorker.java:84)
at org.testng.TestNG.runSuitesSequentially(TestNG.java:1208)
at org.testng.TestNG.runSuitesLocally(TestNG.java:1137)
at org.testng.TestNG.runSuites(TestNG.java:1049)
at org.testng.TestNG.run(TestNG.java:1017)
at org.testng.remote.AbstractRemoteTestNG.run(AbstractRemoteTestNG.java:114)
at org.testng.remote.RemoteTestNG.initAndRun(RemoteTestNG.java:251)
at org.testng.remote.RemoteTestNG.main(RemoteTestNG.java:77)
]]>
    </failure>
  </testcase> <!-- loginOchaBoss -->
</testsuite> <!-- testcase.TestLoginThenLogOutOchaBoss -->
