<?xml version="1.0" encoding="UTF-8"?>
<!-- Generated by org.testng.reporters.JUnitReportReporter -->
<testsuite skipped="0" hostname="Hoangs-MacBook-Pro.local" name="testcase.TestLoginOchaBoss" tests="1" failures="0" timestamp="21 Jun 2018 07:26:27 GMT" time="7.282" errors="0">
  <testcase name="loginOchaBoss" time="7.282" classname="testcase.TestLoginOchaBoss"/>
</testsuite> <!-- testcase.TestLoginOchaBoss -->
